\BOOKMARK [1][-]{section.1}{4.5}{}% 1
\BOOKMARK [2][-]{subsection.1.1}{A}{section.1}% 2
\BOOKMARK [2][-]{subsection.1.2}{B}{section.1}% 3
\BOOKMARK [2][-]{subsection.1.3}{C}{section.1}% 4
\BOOKMARK [2][-]{subsection.1.4}{D}{section.1}% 5
\BOOKMARK [1][-]{section.2}{4.7}{}% 6
\BOOKMARK [2][-]{subsection.2.1}{A}{section.2}% 7
\BOOKMARK [2][-]{subsection.2.2}{B}{section.2}% 8
\BOOKMARK [2][-]{subsection.2.3}{C}{section.2}% 9
\BOOKMARK [1][-]{section.3}{4.8}{}% 10
\BOOKMARK [2][-]{subsection.3.1}{A}{section.3}% 11
\BOOKMARK [2][-]{subsection.3.2}{B}{section.3}% 12
\BOOKMARK [2][-]{subsection.3.3}{C}{section.3}% 13
\BOOKMARK [1][-]{section.4}{4.11}{}% 14
\BOOKMARK [2][-]{subsection.4.1}{A}{section.4}% 15
\BOOKMARK [2][-]{subsection.4.2}{B}{section.4}% 16
\BOOKMARK [1][-]{section.5}{5.5}{}% 17
\BOOKMARK [2][-]{subsection.5.1}{A}{section.5}% 18
\BOOKMARK [2][-]{subsection.5.2}{B}{section.5}% 19
\BOOKMARK [2][-]{subsection.5.3}{C}{section.5}% 20
\BOOKMARK [1][-]{section.6}{5.9}{}% 21
\BOOKMARK [2][-]{subsection.6.1}{A}{section.6}% 22
\BOOKMARK [2][-]{subsection.6.2}{B}{section.6}% 23
\BOOKMARK [1][-]{section.7}{5.10}{}% 24
\BOOKMARK [2][-]{subsection.7.1}{A}{section.7}% 25
\BOOKMARK [2][-]{subsection.7.2}{B}{section.7}% 26
\BOOKMARK [2][-]{subsection.7.3}{C}{section.7}% 27
\BOOKMARK [2][-]{subsection.7.4}{D}{section.7}% 28
\BOOKMARK [2][-]{subsection.7.5}{E}{section.7}% 29
\BOOKMARK [1][-]{section.8}{Extra Credit}{}% 30
