\BOOKMARK [1][-]{section.1}{5.11}{}% 1
\BOOKMARK [2][-]{subsection.1.1}{A}{section.1}% 2
\BOOKMARK [2][-]{subsection.1.2}{B}{section.1}% 3
\BOOKMARK [1][-]{section.2}{5.13}{}% 4
\BOOKMARK [2][-]{subsection.2.1}{A}{section.2}% 5
\BOOKMARK [2][-]{subsection.2.2}{B}{section.2}% 6
\BOOKMARK [2][-]{subsection.2.3}{C}{section.2}% 7
\BOOKMARK [1][-]{section.3}{5.16}{}% 8
\BOOKMARK [2][-]{subsection.3.1}{A}{section.3}% 9
\BOOKMARK [2][-]{subsection.3.2}{B}{section.3}% 10
\BOOKMARK [2][-]{subsection.3.3}{C}{section.3}% 11
\BOOKMARK [2][-]{subsection.3.4}{D}{section.3}% 12
\BOOKMARK [2][-]{subsection.3.5}{E}{section.3}% 13
\BOOKMARK [1][-]{section.4}{5.25}{}% 14
\BOOKMARK [2][-]{subsection.4.1}{A}{section.4}% 15
\BOOKMARK [2][-]{subsection.4.2}{B}{section.4}% 16
\BOOKMARK [2][-]{subsection.4.3}{C}{section.4}% 17
\BOOKMARK [1][-]{section.5}{Additional Problem}{}% 18
\BOOKMARK [2][-]{subsection.5.1}{A}{section.5}% 19
\BOOKMARK [2][-]{subsection.5.2}{B}{section.5}% 20
\BOOKMARK [2][-]{subsection.5.3}{C}{section.5}% 21
\BOOKMARK [2][-]{subsection.5.4}{D}{section.5}% 22
\BOOKMARK [1][-]{section.6}{7.1}{}% 23
\BOOKMARK [2][-]{subsection.6.1}{A}{section.6}% 24
\BOOKMARK [2][-]{subsection.6.2}{B}{section.6}% 25
\BOOKMARK [2][-]{subsection.6.3}{C}{section.6}% 26
\BOOKMARK [1][-]{section.7}{7.4}{}% 27
\BOOKMARK [2][-]{subsection.7.1}{A}{section.7}% 28
\BOOKMARK [2][-]{subsection.7.2}{B}{section.7}% 29
\BOOKMARK [2][-]{subsection.7.3}{C}{section.7}% 30
\BOOKMARK [1][-]{section.8}{Extra Credit}{}% 31
